Log file open, 04/09/20 13:01:50
LogWindows: Failed to load 'aqProf.dll' (GetLastError=126)
LogWindows: File 'aqProf.dll' does not exist
LogWindows: Failed to load 'VtuneApi.dll' (GetLastError=126)
LogWindows: File 'VtuneApi.dll' does not exist
LogWindows: Failed to load 'VtuneApi32e.dll' (GetLastError=126)
LogWindows: File 'VtuneApi32e.dll' does not exist
LogConsoleResponse: Display: Failed to find resolution value strings in scalability ini. Falling back to default.
LogInit: Display: Running engine for game: KV6002Project
LogPlatformFile: Not using cached read wrapper
LogTaskGraph: Started task graph with 5 named threads and 23 total threads with 3 sets of task threads.
LogStats: Stats thread started at 0.071658
LogD3D11RHI: Loaded GFSDK_Aftermath_Lib.x64.dll
LogICUInternationalization: ICU TimeZone Detection - Raw Offset: +0:00, Platform Override: ''
LogPluginManager: Mounting plugin Paper2D
LogPluginManager: Mounting plugin AISupport
LogPluginManager: Mounting plugin LightPropagationVolume
LogPluginManager: Mounting plugin ActorLayerUtilities
LogPluginManager: Mounting plugin AnimationSharing
LogPluginManager: Mounting plugin CLionSourceCodeAccess
LogPluginManager: Mounting plugin CodeLiteSourceCodeAccess
LogPluginManager: Mounting plugin GitSourceControl
LogPluginManager: Mounting plugin KDevelopSourceCodeAccess
LogPluginManager: Mounting plugin NullSourceCodeAccess
LogPluginManager: Mounting plugin PerforceSourceControl
LogPluginManager: Mounting plugin PlasticSourceControl
LogPluginManager: Mounting plugin SubversionSourceControl
LogPluginManager: Mounting plugin UObjectPlugin
LogPluginManager: Mounting plugin VisualStudioCodeSourceCodeAccess
LogPluginManager: Mounting plugin VisualStudioSourceCodeAccess
LogPluginManager: Mounting plugin XCodeSourceCodeAccess
LogPluginManager: Mounting plugin AssetManagerEditor
LogPluginManager: Mounting plugin CryptoKeys
LogPluginManager: Mounting plugin CurveEditorTools
LogPluginManager: Mounting plugin DataValidation
LogPluginManager: Mounting plugin FacialAnimation
LogPluginManager: Mounting plugin GameplayTagsEditor
LogPluginManager: Mounting plugin MacGraphicsSwitching
LogPluginManager: Mounting plugin MaterialAnalyzer
LogPluginManager: Mounting plugin MobileLauncherProfileWizard
LogPluginManager: Mounting plugin PluginBrowser
LogPluginManager: Mounting plugin SpeedTreeImporter
LogPluginManager: Mounting plugin DatasmithContent
LogPluginManager: Mounting plugin VariantManagerContent
LogPluginManager: Mounting plugin AlembicImporter
LogPluginManager: Mounting plugin AutomationUtils
LogPluginManager: Mounting plugin BackChannel
LogPluginManager: Mounting plugin CharacterAI
LogPluginManager: Mounting plugin GeometryCache
LogPluginManager: Mounting plugin PlatformCrypto
LogPluginManager: Mounting plugin ProxyLODPlugin
LogPluginManager: Mounting plugin SkeletalReduction
LogPluginManager: Mounting plugin MagicLeap
LogPluginManager: Mounting plugin MagicLeapMedia
LogPluginManager: Mounting plugin MLSDK
LogPluginManager: Mounting plugin AndroidMedia
LogPluginManager: Mounting plugin AvfMedia
LogPluginManager: Mounting plugin ImgMedia
LogPluginManager: Mounting plugin MediaCompositing
LogPluginManager: Mounting plugin MediaPlayerEditor
LogPluginManager: Mounting plugin WebMMedia
LogPluginManager: Mounting plugin WmfMedia
LogPluginManager: Mounting plugin TcpMessaging
LogPluginManager: Mounting plugin UdpMessaging
LogPluginManager: Mounting plugin ActorSequence
LogPluginManager: Mounting plugin LevelSequenceEditor
LogPluginManager: Mounting plugin MatineeToLevelSequence
LogPluginManager: Mounting plugin NetcodeUnitTest
LogPluginManager: Mounting plugin NUTUnrealEngine4
LogPluginManager: Mounting plugin OnlineSubsystemGooglePlay
LogPluginManager: Mounting plugin OnlineSubsystemIOS
LogPluginManager: Mounting plugin OnlineSubsystem
LogPluginManager: Mounting plugin OnlineSubsystemNull
LogPluginManager: Mounting plugin OnlineSubsystemUtils
LogPluginManager: Mounting plugin LauncherChunkInstaller
LogPluginManager: Mounting plugin AndroidDeviceProfileSelector
LogPluginManager: Mounting plugin AndroidMoviePlayer
LogPluginManager: Mounting plugin AndroidPermission
LogPluginManager: Mounting plugin AppleImageUtils
LogPluginManager: Mounting plugin AppleMoviePlayer
LogPluginManager: Mounting plugin ArchVisCharacter
LogPluginManager: Mounting plugin AssetTags
LogPluginManager: Mounting plugin AudioCapture
LogPluginManager: Mounting plugin CableComponent
LogPluginManager: Mounting plugin CustomMeshComponent
LogPluginManager: Mounting plugin EditableMesh
LogPluginManager: Mounting plugin ExampleDeviceProfileSelector
LogPluginManager: Mounting plugin GoogleCloudMessaging
LogPluginManager: Mounting plugin IOSDeviceProfileSelector
LogPluginManager: Mounting plugin LinuxDeviceProfileSelector
LogPluginManager: Mounting plugin LocationServicesBPLibrary
LogPluginManager: Mounting plugin MobilePatchingUtils
LogPluginManager: Mounting plugin OculusVR
LogPluginManager: Mounting plugin PhysXVehicles
LogPluginManager: Mounting plugin PostSplashScreen
LogPluginManager: Mounting plugin ProceduralMeshComponent
LogPluginManager: Mounting plugin RuntimePhysXCooking
LogPluginManager: Mounting plugin SignificanceManager
LogPluginManager: Mounting plugin SteamVR
LogPluginManager: Mounting plugin WebMMoviePlayer
LogPluginManager: Mounting plugin WindowsMoviePlayer
LogPluginManager: Mounting plugin ScreenshotTools
LogInit: Using libcurl 7.55.1-DEV
LogInit:  - built for x86_64-pc-win32
LogInit:  - supports SSL with OpenSSL/1.1.1
LogInit:  - supports HTTP deflate (compression) using libz 1.2.8
LogInit:  - other features:
LogInit:      CURL_VERSION_SSL
LogInit:      CURL_VERSION_LIBZ
LogInit:      CURL_VERSION_IPV6
LogInit:      CURL_VERSION_ASYNCHDNS
LogInit:      CURL_VERSION_LARGEFILE
LogInit:      CURL_VERSION_IDN
LogInit:  CurlRequestOptions (configurable via config and command line):
LogInit:  - bVerifyPeer = true  - Libcurl will verify peer certificate
LogInit:  - bUseHttpProxy = false  - Libcurl will NOT use HTTP proxy
LogInit:  - bDontReuseConnections = false  - Libcurl will reuse connections
LogInit:  - MaxHostConnections = 16  - Libcurl will limit the number of connections to a host
LogInit:  - LocalHostAddr = Default
LogInit:  - BufferSize = 65536
LogOnline: OSS: Creating online subsystem instance for: NULL
LogInit: WinSock: version 1.1 (2.2), MaxSocks=32767, MaxUdp=65467
LogOnline: OSS: TryLoadSubsystemAndSetDefault: Loaded subsystem for module [NULL]
LogInit: Build: ++UE4+Release-4.24-CL-11590370
LogInit: Engine Version: 4.24.3-11590370+++UE4+Release-4.24
LogInit: Compatible Engine Version: 4.24.0-10570792+++UE4+Release-4.24
LogInit: Net CL: 10570792
LogInit: OS: Windows 10 (Release 1903) (), CPU: Intel(R) Core(TM) i7-7700K CPU @ 4.20GHz, GPU: NVIDIA GeForce RTX 2060
LogInit: Compiled (64-bit): Feb 24 2020 15:39:18
LogInit: Compiled with Visual C++: 19.16.27032.01
LogInit: Build Configuration: Development
LogInit: Branch Name: ++UE4+Release-4.24
LogInit: Command Line: 
LogInit: Base Directory: H:/Epic Stuff/UE_4.24/Engine/Binaries/Win64/
LogInit: Installed Engine Build: 1
LogDevObjectVersion: Number of dev versions registered: 25
LogDevObjectVersion:   Dev-Blueprints (B0D832E4-1F89-4F0D-ACCF-7EB736FD4AA2): 10
LogDevObjectVersion:   Dev-Build (E1C64328-A22C-4D53-A36C-8E866417BD8C): 0
LogDevObjectVersion:   Dev-Core (375EC13C-06E4-48FB-B500-84F0262A717E): 3
LogDevObjectVersion:   Dev-Editor (E4B068ED-F494-42E9-A231-DA0B2E46BB41): 37
LogDevObjectVersion:   Dev-Framework (CFFC743F-43B0-4480-9391-14DF171D2073): 36
LogDevObjectVersion:   Dev-Mobile (B02B49B5-BB20-44E9-A304-32B752E40360): 2
LogDevObjectVersion:   Dev-Networking (A4E4105C-59A1-49B5-A7C5-40C4547EDFEE): 0
LogDevObjectVersion:   Dev-Online (39C831C9-5AE6-47DC-9A44-9C173E1C8E7C): 0
LogDevObjectVersion:   Dev-Physics (78F01B33-EBEA-4F98-B9B4-84EACCB95AA2): 2
LogDevObjectVersion:   Dev-Platform (6631380F-2D4D-43E0-8009-CF276956A95A): 0
LogDevObjectVersion:   Dev-Rendering (12F88B9F-8875-4AFC-A67C-D90C383ABD29): 36
LogDevObjectVersion:   Dev-Sequencer (7B5AE74C-D270-4C10-A958-57980B212A5A): 11
LogDevObjectVersion:   Dev-VR (D7296918-1DD6-4BDD-9DE2-64A83CC13884): 2
LogDevObjectVersion:   Dev-LoadTimes (C2A15278-BFE7-4AFE-6C17-90FF531DF755): 1
LogDevObjectVersion:   Private-Geometry (6EACA3D4-40EC-4CC1-B786-8BED09428FC5): 3
LogDevObjectVersion:   Dev-AnimPhys (29E575DD-E0A3-4627-9D10-D276232CDCEA): 17
LogDevObjectVersion:   Dev-Anim (AF43A65D-7FD3-4947-9873-3E8ED9C1BB05): 2
LogDevObjectVersion:   Dev-ReflectionCapture (6B266CEC-1EC7-4B8F-A30B-E4D90942FC07): 1
LogDevObjectVersion:   Dev-Automation (0DF73D61-A23F-47EA-B727-89E90C41499A): 1
LogDevObjectVersion:   FortniteMain (601D1886-AC64-4F84-AA16-D3DE0DEAC7D6): 31
LogDevObjectVersion:   Dev-Enterprise (9DFFBCD6-494F-0158-E221-12823C92A888): 8
LogDevObjectVersion:   Dev-Niagara (F2AED0AC-9AFE-416F-8664-AA7FFA26D6FC): 1
LogDevObjectVersion:   Dev-Destruction (174F1F0B-B4C6-45A5-B13F-2EE8D0FB917D): 9
LogDevObjectVersion:   Dev-Physics-Ext (35F94A83-E258-406C-A318-09F59610247C): 8
LogDevObjectVersion:   Dev-CineCamera (B2E18506-4273-CFC2-A54E-F4BB758BBA07): 1
LogInit: Presizing for max 25165824 objects, including 0 objects not considered by GC, pre-allocating 0 bytes for permanent pool.
LogInit: Object subsystem initialized
LogConfig: Setting CVar [[con.DebugEarlyDefault:1]]
LogConfig: Setting CVar [[r.setres:1280x720]]
[2020.04.09-12.01.50:686][  0]LogConfig: Setting CVar [[r.VSync:0]]
[2020.04.09-12.01.50:686][  0]LogConfig: Setting CVar [[r.RHICmdBypass:0]]
[2020.04.09-12.01.50:686][  0]LogConfig: Applying CVar settings from Section [/Script/Engine.RendererSettings] File [D:/Documents/Unreal Projects/KV6002Project/Saved/Config/Windows/Engine.ini]
[2020.04.09-12.01.50:686][  0]LogConfig: Setting CVar [[r.GPUCrashDebugging:0]]
[2020.04.09-12.01.50:686][  0]LogConfig: Applying CVar settings from Section [/Script/Engine.RendererOverrideSettings] File [D:/Documents/Unreal Projects/KV6002Project/Saved/Config/Windows/Engine.ini]
[2020.04.09-12.01.50:686][  0]LogConfig: Applying CVar settings from Section [/Script/Engine.StreamingSettings] File [D:/Documents/Unreal Projects/KV6002Project/Saved/Config/Windows/Engine.ini]
[2020.04.09-12.01.50:686][  0]LogConfig: Setting CVar [[s.MinBulkDataSizeForAsyncLoading:131072]]
[2020.04.09-12.01.50:686][  0]LogConfig: Setting CVar [[s.AsyncLoadingThreadEnabled:0]]
[2020.04.09-12.01.50:686][  0]LogConfig: Setting CVar [[s.EventDrivenLoaderEnabled:1]]
[2020.04.09-12.01.50:686][  0]LogConfig: Setting CVar [[s.WarnIfTimeLimitExceeded:0]]
[2020.04.09-12.01.50:686][  0]LogConfig: Setting CVar [[s.TimeLimitExceededMultiplier:1.5]]
[2020.04.09-12.01.50:686][  0]LogConfig: Setting CVar [[s.TimeLimitExceededMinTime:0.005]]
[2020.04.09-12.01.50:686][  0]LogConfig: Setting CVar [[s.UseBackgroundLevelStreaming:1]]
[2020.04.09-12.01.50:686][  0]LogConfig: Setting CVar [[s.PriorityAsyncLoadingExtraTime:15.0]]
[2020.04.09-12.01.50:686][  0]LogConfig: Setting CVar [[s.LevelStreamingActorsUpdateTimeLimit:5.0]]
[2020.04.09-12.01.50:686][  0]LogConfig: Setting CVar [[s.PriorityLevelStreamingActorsUpdateExtraTime:5.0]]
[2020.04.09-12.01.50:686][  0]LogConfig: Setting CVar [[s.LevelStreamingComponentsRegistrationGranularity:10]]
[2020.04.09-12.01.50:686][  0]LogConfig: Setting CVar [[s.UnregisterComponentsTimeLimit:1.0]]
[2020.04.09-12.01.50:686][  0]LogConfig: Setting CVar [[s.LevelStreamingComponentsUnregistrationGranularity:5]]
[2020.04.09-12.01.50:686][  0]LogConfig: Setting CVar [[s.FlushStreamingOnExit:1]]
[2020.04.09-12.01.50:686][  0]LogConfig: Applying CVar settings from Section [/Script/Engine.GarbageCollectionSettings] File [D:/Documents/Unreal Projects/KV6002Project/Saved/Config/Windows/Engine.ini]
[2020.04.09-12.01.50:686][  0]LogConfig: Setting CVar [[gc.MaxObjectsNotConsideredByGC:1]]
[2020.04.09-12.01.50:686][  0]LogConfig: Setting CVar [[gc.SizeOfPermanentObjectPool:0]]
[2020.04.09-12.01.50:686][  0]LogConfig: Setting CVar [[gc.FlushStreamingOnGC:0]]
[2020.04.09-12.01.50:686][  0]LogConfig: Setting CVar [[gc.NumRetriesBeforeForcingGC:10]]
[2020.04.09-12.01.50:686][  0]LogConfig: Setting CVar [[gc.AllowParallelGC:1]]
[2020.04.09-12.01.50:686][  0]LogConfig: Setting CVar [[gc.TimeBetweenPurgingPendingKillObjects:61.1]]
[2020.04.09-12.01.50:686][  0]LogConfig: Setting CVar [[gc.MaxObjectsInEditor:25165824]]
[2020.04.09-12.01.50:686][  0]LogConfig: Setting CVar [[gc.IncrementalBeginDestroyEnabled:1]]
[2020.04.09-12.01.50:686][  0]LogConfig: Setting CVar [[gc.CreateGCClusters:1]]
[2020.04.09-12.01.50:686][  0]LogConfig: Setting CVar [[gc.MinGCClusterSize:5]]
[2020.04.09-12.01.50:686][  0]LogConfig: Setting CVar [[gc.ActorClusteringEnabled:0]]
[2020.04.09-12.01.50:686][  0]LogConfig: Setting CVar [[gc.BlueprintClusteringEnabled:0]]
[2020.04.09-12.01.50:686][  0]LogConfig: Setting CVar [[gc.UseDisregardForGCOnDedicatedServers:0]]
[2020.04.09-12.01.50:686][  0]LogConfig: Applying CVar settings from Section [/Script/Engine.NetworkSettings] File [D:/Documents/Unreal Projects/KV6002Project/Saved/Config/Windows/Engine.ini]
[2020.04.09-12.01.50:686][  0]LogConfig: Applying CVar settings from Section [/Script/UnrealEd.CookerSettings] File [D:/Documents/Unreal Projects/KV6002Project/Saved/Config/Windows/Engine.ini]
[2020.04.09-12.01.50:696][  0]LogConfig: Applying CVar settings from Section [ViewDistanceQuality@3] File [D:/Documents/Unreal Projects/KV6002Project/Saved/Config/Windows/Scalability.ini]
[2020.04.09-12.01.50:696][  0]LogConfig: Setting CVar [[r.SkeletalMeshLODBias:0]]
[2020.04.09-12.01.50:696][  0]LogConfig: Setting CVar [[r.ViewDistanceScale:1.0]]
[2020.04.09-12.01.50:696][  0]LogConfig: Applying CVar settings from Section [AntiAliasingQuality@3] File [D:/Documents/Unreal Projects/KV6002Project/Saved/Config/Windows/Scalability.ini]
[2020.04.09-12.01.50:696][  0]LogConfig: Setting CVar [[r.PostProcessAAQuality:4]]
[2020.04.09-12.01.50:696][  0]LogConfig: Applying CVar settings from Section [ShadowQuality@3] File [D:/Documents/Unreal Projects/KV6002Project/Saved/Config/Windows/Scalability.ini]
[2020.04.09-12.01.50:696][  0]LogConfig: Setting CVar [[r.LightFunctionQuality:1]]
[2020.04.09-12.01.50:696][  0]LogConfig: Setting CVar [[r.ShadowQuality:5]]
[2020.04.09-12.01.50:696][  0]LogConfig: Setting CVar [[r.Shadow.CSM.MaxCascades:10]]
[2020.04.09-12.01.50:696][  0]LogConfig: Setting CVar [[r.Shadow.MaxResolution:2048]]
[2020.04.09-12.01.50:696][  0]LogConfig: Setting CVar [[r.Shadow.MaxCSMResolution:2048]]
[2020.04.09-12.01.50:696][  0]LogConfig: Setting CVar [[r.Shadow.RadiusThreshold:0.01]]
[2020.04.09-12.01.50:696][  0]LogConfig: Setting CVar [[r.Shadow.DistanceScale:1.0]]
[2020.04.09-12.01.50:696][  0]LogConfig: Setting CVar [[r.Shadow.CSM.TransitionScale:1.0]]
[2020.04.09-12.01.50:696][  0]LogConfig: Setting CVar [[r.Shadow.PreShadowResolutionFactor:1.0]]
[2020.04.09-12.01.50:696][  0]LogConfig: Setting CVar [[r.DistanceFieldShadowing:1]]
[2020.04.09-12.01.50:696][  0]LogConfig: Setting CVar [[r.DistanceFieldAO:1]]
[2020.04.09-12.01.50:696][  0]LogConfig: Setting CVar [[r.AOQuality:2]]
[2020.04.09-12.01.50:696][  0]LogConfig: Setting CVar [[r.VolumetricFog:1]]
[2020.04.09-12.01.50:696][  0]LogConfig: Setting CVar [[r.VolumetricFog.GridPixelSize:8]]
[2020.04.09-12.01.50:696][  0]LogConfig: Setting CVar [[r.VolumetricFog.GridSizeZ:128]]
[2020.04.09-12.01.50:696][  0]LogConfig: Setting CVar [[r.VolumetricFog.HistoryMissSupersampleCount:4]]
[2020.04.09-12.01.50:696][  0]LogConfig: Setting CVar [[r.LightMaxDrawDistanceScale:1]]
[2020.04.09-12.01.50:696][  0]LogConfig: Setting CVar [[r.CapsuleShadows:1]]
[2020.04.09-12.01.50:696][  0]LogConfig: Applying CVar settings from Section [PostProcessQuality@3] File [D:/Documents/Unreal Projects/KV6002Project/Saved/Config/Windows/Scalability.ini]
[2020.04.09-12.01.50:696][  0]LogConfig: Setting CVar [[r.MotionBlurQuality:4]]
[2020.04.09-12.01.50:696][  0]LogConfig: Setting CVar [[r.AmbientOcclusionMipLevelFactor:0.4]]
[2020.04.09-12.01.50:696][  0]LogConfig: Setting CVar [[r.AmbientOcclusionMaxQuality:100]]
[2020.04.09-12.01.50:696][  0]LogConfig: Setting CVar [[r.AmbientOcclusionLevels:-1]]
[2020.04.09-12.01.50:696][  0]LogConfig: Setting CVar [[r.AmbientOcclusionRadiusScale:1.0]]
[2020.04.09-12.01.50:696][  0]LogConfig: Setting CVar [[r.DepthOfFieldQuality:2]]
[2020.04.09-12.01.50:696][  0]LogConfig: Setting CVar [[r.RenderTargetPoolMin:400]]
[2020.04.09-12.01.50:696][  0]LogConfig: Setting CVar [[r.LensFlareQuality:2]]
[2020.04.09-12.01.50:696][  0]LogConfig: Setting CVar [[r.SceneColorFringeQuality:1]]
[2020.04.09-12.01.50:696][  0]LogConfig: Setting CVar [[r.EyeAdaptationQuality:2]]
[2020.04.09-12.01.50:696][  0]LogConfig: Setting CVar [[r.BloomQuality:5]]
[2020.04.09-12.01.50:696][  0]LogConfig: Setting CVar [[r.FastBlurThreshold:100]]
[2020.04.09-12.01.50:696][  0]LogConfig: Setting CVar [[r.Upscale.Quality:3]]
[2020.04.09-12.01.50:696][  0]LogConfig: Setting CVar [[r.Tonemapper.GrainQuantization:1]]
[2020.04.09-12.01.50:696][  0]LogConfig: Setting CVar [[r.LightShaftQuality:1]]
[2020.04.09-12.01.50:696][  0]LogConfig: Setting CVar [[r.Filter.SizeScale:1]]
[2020.04.09-12.01.50:696][  0]LogConfig: Setting CVar [[r.Tonemapper.Quality:5]]
[2020.04.09-12.01.50:696][  0]LogConfig: Setting CVar [[r.DOF.Gather.AccumulatorQuality:1        ; higher gathering accumulator quality]]
[2020.04.09-12.01.50:696][  0]LogConfig: Setting CVar [[r.DOF.Gather.PostfilterMethod:1          ; Median3x3 postfilering method]]
[2020.04.09-12.01.50:696][  0]LogConfig: Setting CVar [[r.DOF.Gather.EnableBokehSettings:0       ; no bokeh simulation when gathering]]
[2020.04.09-12.01.50:696][  0]LogConfig: Setting CVar [[r.DOF.Gather.RingCount:4                 ; medium number of samples when gathering]]
[2020.04.09-12.01.50:696][  0]LogConfig: Setting CVar [[r.DOF.Scatter.ForegroundCompositing:1    ; additive foreground scattering]]
[2020.04.09-12.01.50:696][  0]LogConfig: Setting CVar [[r.DOF.Scatter.BackgroundCompositing:2    ; additive background scattering]]
[2020.04.09-12.01.50:696][  0]LogConfig: Setting CVar [[r.DOF.Scatter.EnableBokehSettings:1      ; bokeh simulation when scattering]]
[2020.04.09-12.01.50:696][  0]LogConfig: Setting CVar [[r.DOF.Scatter.MaxSpriteRatio:0.1         ; only a maximum of 10% of scattered bokeh]]
[2020.04.09-12.01.50:696][  0]LogConfig: Setting CVar [[r.DOF.Recombine.Quality:1                ; cheap slight out of focus]]
[2020.04.09-12.01.50:696][  0]LogConfig: Setting CVar [[r.DOF.Recombine.EnableBokehSettings:0    ; no bokeh simulation on slight out of focus]]
[2020.04.09-12.01.50:696][  0]LogConfig: Setting CVar [[r.DOF.TemporalAAQuality:1                ; more stable temporal accumulation]]
[2020.04.09-12.01.50:696][  0]LogConfig: Setting CVar [[r.DOF.Kernel.MaxForegroundRadius:0.025]]
[2020.04.09-12.01.50:696][  0]LogConfig: Setting CVar [[r.DOF.Kernel.MaxBackgroundRadius:0.025]]
[2020.04.09-12.01.50:696][  0]LogConfig: Applying CVar settings from Section [TextureQuality@3] File [D:/Documents/Unreal Projects/KV6002Project/Saved/Config/Windows/Scalability.ini]
[2020.04.09-12.01.50:696][  0]LogConfig: Setting CVar [[r.Streaming.MipBias:0]]
[2020.04.09-12.01.50:696][  0]LogConfig: Setting CVar [[r.Streaming.AmortizeCPUToGPUCopy:0]]
[2020.04.09-12.01.50:696][  0]LogConfig: Setting CVar [[r.Streaming.MaxNumTexturesToStreamPerFrame:0]]
[2020.04.09-12.01.50:696][  0]LogConfig: Setting CVar [[r.Streaming.Boost:1]]
[2020.04.09-12.01.50:696][  0]LogConfig: Setting CVar [[r.MaxAnisotropy:8]]
[2020.04.09-12.01.50:696][  0]LogConfig: Setting CVar [[r.VT.MaxAnisotropy:8]]
[2020.04.09-12.01.50:696][  0]LogConfig: Setting CVar [[r.Streaming.LimitPoolSizeToVRAM:0]]
[2020.04.09-12.01.50:696][  0]LogConfig: Setting CVar [[r.Streaming.PoolSize:1000]]
[2020.04.09-12.01.50:696][  0]LogConfig: Setting CVar [[r.Streaming.MaxEffectiveScreenSize:0]]
[2020.04.09-12.01.50:696][  0]LogConfig: Applying CVar settings from Section [EffectsQuality@3] File [D:/Documents/Unreal Projects/KV6002Project/Saved/Config/Windows/Scalability.ini]
[2020.04.09-12.01.50:696][  0]LogConfig: Setting CVar [[r.TranslucencyLightingVolumeDim:64]]
[2020.04.09-12.01.50:696][  0]LogConfig: Setting CVar [[r.RefractionQuality:2]]
[2020.04.09-12.01.50:696][  0]LogConfig: Setting CVar [[r.SSR.Quality:3]]
[2020.04.09-12.01.50:696][  0]LogConfig: Setting CVar [[r.SSR.HalfResSceneColor:0]]
[2020.04.09-12.01.50:696][  0]LogConfig: Setting CVar [[r.SceneColorFormat:4]]
[2020.04.09-12.01.50:696][  0]LogConfig: Setting CVar [[r.DetailMode:2]]
[2020.04.09-12.01.50:696][  0]LogConfig: Setting CVar [[r.TranslucencyVolumeBlur:1]]
[2020.04.09-12.01.50:697][  0]LogConfig: Setting CVar [[r.MaterialQualityLevel:1 ; High quality]]
[2020.04.09-12.01.50:697][  0]LogConfig: Setting CVar [[r.SSS.Scale:1]]
[2020.04.09-12.01.50:697][  0]LogConfig: Setting CVar [[r.SSS.SampleSet:2]]
[2020.04.09-12.01.50:697][  0]LogConfig: Setting CVar [[r.SSS.Quality:1]]
[2020.04.09-12.01.50:697][  0]LogConfig: Setting CVar [[r.SSS.HalfRes:1]]
[2020.04.09-12.01.50:697][  0]LogConfig: Setting CVar [[r.SSGI.Quality:3]]
[2020.04.09-12.01.50:697][  0]LogConfig: Setting CVar [[r.EmitterSpawnRateScale:1.0]]
[2020.04.09-12.01.50:697][  0]LogConfig: Setting CVar [[r.ParticleLightQuality:2]]
[2020.04.09-12.01.50:697][  0]LogConfig: Setting CVar [[r.SkyAtmosphere.AerialPerspectiveLUT.FastApplyOnOpaque:1 ; Always have FastSkyLUT 1 in this case to avoid wrong sky]]
[2020.04.09-12.01.50:697][  0]LogConfig: Setting CVar [[r.SkyAtmosphere.AerialPerspectiveLUT.SampleCountPerSlice:1]]
[2020.04.09-12.01.50:697][  0]LogConfig: Setting CVar [[r.SkyAtmosphere.AerialPerspectiveLUT.DepthResolution:16.0]]
[2020.04.09-12.01.50:697][  0]LogConfig: Setting CVar [[r.SkyAtmosphere.FastSkyLUT:1]]
[2020.04.09-12.01.50:697][  0]LogConfig: Setting CVar [[r.SkyAtmosphere.FastSkyLUT.SampleCountMin:4.0]]
[2020.04.09-12.01.50:697][  0]LogConfig: Setting CVar [[r.SkyAtmosphere.FastSkyLUT.SampleCountMax:32.0]]
[2020.04.09-12.01.50:697][  0]LogConfig: Setting CVar [[r.SkyAtmosphere.SampleCountMin:4.0]]
[2020.04.09-12.01.50:697][  0]LogConfig: Setting CVar [[r.SkyAtmosphere.SampleCountMax:32.0]]
[2020.04.09-12.01.50:697][  0]LogConfig: Setting CVar [[r.SkyAtmosphere.TransmittanceLUT.UseSmallFormat:0]]
[2020.04.09-12.01.50:697][  0]LogConfig: Setting CVar [[r.SkyAtmosphere.TransmittanceLUT.SampleCount:10.0]]
[2020.04.09-12.01.50:697][  0]LogConfig: Setting CVar [[r.SkyAtmosphere.MultiScatteringLUT.SampleCount:15.0]]
[2020.04.09-12.01.50:697][  0]LogConfig: Applying CVar settings from Section [FoliageQuality@3] File [D:/Documents/Unreal Projects/KV6002Project/Saved/Config/Windows/Scalability.ini]
[2020.04.09-12.01.50:697][  0]LogConfig: Setting CVar [[foliage.DensityScale:1.0]]
[2020.04.09-12.01.50:697][  0]LogConfig: Setting CVar [[grass.DensityScale:1.0]]
[2020.04.09-12.01.50:697][  0]LogConfig: Applying CVar settings from Section [ShadingQuality@3] File [D:/Documents/Unreal Projects/KV6002Project/Saved/Config/Windows/Scalability.ini]
[2020.04.09-12.01.50:697][  0]LogConfig: Setting CVar [[r.HairStrands.SkyLighting.SampleCount:16]]
[2020.04.09-12.01.50:697][  0]LogConfig: Setting CVar [[r.HairStrands.SkyLighting.JitterIntegration:0]]
[2020.04.09-12.01.50:697][  0]LogConfig: Setting CVar [[r.HairStrands.SkyAO.SampleCount:16]]
[2020.04.09-12.01.50:697][  0]LogInit: Selected Device Profile: [Windows]
[2020.04.09-12.01.50:697][  0]LogInit: Applying CVar settings loaded from the selected device profile: [Windows]
[2020.04.09-12.01.50:699][  0]LogHAL: Display: Platform has ~ 16 GB [17140953088 / 17179869184 / 16], which maps to Larger [LargestMinGB=32, LargerMinGB=12, DefaultMinGB=8, SmallerMinGB=6, SmallestMinGB=0)
[2020.04.09-12.01.50:699][  0]LogInit: Going up to parent DeviceProfile []
[2020.04.09-12.01.50:699][  0]LogConfig: Applying CVar settings from Section [ViewDistanceQuality@3] File [D:/Documents/Unreal Projects/KV6002Project/Saved/Config/Windows/Scalability.ini]
[2020.04.09-12.01.50:699][  0]LogConfig: Setting CVar [[r.SkeletalMeshLODBias:0]]
[2020.04.09-12.01.50:699][  0]LogConfig: Setting CVar [[r.ViewDistanceScale:1.0]]
[2020.04.09-12.01.50:699][  0]LogConfig: Applying CVar settings from Section [AntiAliasingQuality@3] File [D:/Documents/Unreal Projects/KV6002Project/Saved/Config/Windows/Scalability.ini]
[2020.04.09-12.01.50:699][  0]LogConfig: Setting CVar [[r.PostProcessAAQuality:4]]
[2020.04.09-12.01.50:699][  0]LogConfig: Applying CVar settings from Section [ShadowQuality@3] File [D:/Documents/Unreal Projects/KV6002Project/Saved/Config/Windows/Scalability.ini]
[2020.04.09-12.01.50:699][  0]LogConfig: Setting CVar [[r.LightFunctionQuality:1]]
[2020.04.09-12.01.50:699][  0]LogConfig: Setting CVar [[r.ShadowQuality:5]]
[2020.04.09-12.01.50:699][  0]LogConfig: Setting CVar [[r.Shadow.CSM.MaxCascades:10]]
[2020.04.09-12.01.50:699][  0]LogConfig: Setting CVar [[r.Shadow.MaxResolution:2048]]
[2020.04.09-12.01.50:699][  0]LogConfig: Setting CVar [[r.Shadow.MaxCSMResolution:2048]]
[2020.04.09-12.01.50:699][  0]LogConfig: Setting CVar [[r.Shadow.RadiusThreshold:0.01]]
[2020.04.09-12.01.50:699][  0]LogConfig: Setting CVar [[r.Shadow.DistanceScale:1.0]]
[2020.04.09-12.01.50:699][  0]LogConfig: Setting CVar [[r.Shadow.CSM.TransitionScale:1.0]]
[2020.04.09-12.01.50:699][  0]LogConfig: Setting CVar [[r.Shadow.PreShadowResolutionFactor:1.0]]
[2020.04.09-12.01.50:699][  0]LogConfig: Setting CVar [[r.DistanceFieldShadowing:1]]
[2020.04.09-12.01.50:699][  0]LogConfig: Setting CVar [[r.DistanceFieldAO:1]]
[2020.04.09-12.01.50:699][  0]LogConfig: Setting CVar [[r.AOQuality:2]]
[2020.04.09-12.01.50:699][  0]LogConfig: Setting CVar [[r.VolumetricFog:1]]
[2020.04.09-12.01.50:699][  0]LogConfig: Setting CVar [[r.VolumetricFog.GridPixelSize:8]]
[2020.04.09-12.01.50:699][  0]LogConfig: Setting CVar [[r.VolumetricFog.GridSizeZ:128]]
[2020.04.09-12.01.50:699][  0]LogConfig: Setting CVar [[r.VolumetricFog.HistoryMissSupersampleCount:4]]
[2020.04.09-12.01.50:699][  0]LogConfig: Setting CVar [[r.LightMaxDrawDistanceScale:1]]
[2020.04.09-12.01.50:699][  0]LogConfig: Setting CVar [[r.CapsuleShadows:1]]
[2020.04.09-12.01.50:699][  0]LogConfig: Applying CVar settings from Section [PostProcessQuality@3] File [D:/Documents/Unreal Projects/KV6002Project/Saved/Config/Windows/Scalability.ini]
[2020.04.09-12.01.50:700][  0]LogConfig: Setting CVar [[r.MotionBlurQuality:4]]
[2020.04.09-12.01.50:700][  0]LogConfig: Setting CVar [[r.AmbientOcclusionMipLevelFactor:0.4]]
[2020.04.09-12.01.50:700][  0]LogConfig: Setting CVar [[r.AmbientOcclusionMaxQuality:100]]
[2020.04.09-12.01.50:700][  0]LogConfig: Setting CVar [[r.AmbientOcclusionLevels:-1]]
[2020.04.09-12.01.50:700][  0]LogConfig: Setting CVar [[r.AmbientOcclusionRadiusScale:1.0]]
[2020.04.09-12.01.50:700][  0]LogConfig: Setting CVar [[r.DepthOfFieldQuality:2]]
[2020.04.09-12.01.50:700][  0]LogConfig: Setting CVar [[r.RenderTargetPoolMin:400]]
[2020.04.09-12.01.50:700][  0]LogConfig: Setting CVar [[r.LensFlareQuality:2]]
[2020.04.09-12.01.50:700][  0]LogConfig: Setting CVar [[r.SceneColorFringeQuality:1]]
[2020.04.09-12.01.50:700][  0]LogConfig: Setting CVar [[r.EyeAdaptationQuality:2]]
[2020.04.09-12.01.50:700][  0]LogConfig: Setting CVar [[r.BloomQuality:5]]
[2020.04.09-12.01.50:700][  0]LogConfig: Setting CVar [[r.FastBlurThreshold:100]]
[2020.04.09-12.01.50:700][  0]LogConfig: Setting CVar [[r.Upscale.Quality:3]]
[2020.04.09-12.01.50:700][  0]LogConfig: Setting CVar [[r.Tonemapper.GrainQuantization:1]]
[2020.04.09-12.01.50:700][  0]LogConfig: Setting CVar [[r.LightShaftQuality:1]]
[2020.04.09-12.01.50:700][  0]LogConfig: Setting CVar [[r.Filter.SizeScale:1]]
[2020.04.09-12.01.50:700][  0]LogConfig: Setting CVar [[r.Tonemapper.Quality:5]]
[2020.04.09-12.01.50:700][  0]LogConfig: Setting CVar [[r.DOF.Gather.AccumulatorQuality:1        ; higher gathering accumulator quality]]
[2020.04.09-12.01.50:700][  0]LogConfig: Setting CVar [[r.DOF.Gather.PostfilterMethod:1          ; Median3x3 postfilering method]]
[2020.04.09-12.01.50:700][  0]LogConfig: Setting CVar [[r.DOF.Gather.EnableBokehSettings:0       ; no bokeh simulation when gathering]]
[2020.04.09-12.01.50:700][  0]LogConfig: Setting CVar [[r.DOF.Gather.RingCount:4                 ; medium number of samples when gathering]]
[2020.04.09-12.01.50:700][  0]LogConfig: Setting CVar [[r.DOF.Scatter.ForegroundCompositing:1    ; additive foreground scattering]]
[2020.04.09-12.01.50:700][  0]LogConfig: Setting CVar [[r.DOF.Scatter.BackgroundCompositing:2    ; additive background scattering]]
[2020.04.09-12.01.50:700][  0]LogConfig: Setting CVar [[r.DOF.Scatter.EnableBokehSettings:1      ; bokeh simulation when scattering]]
[2020.04.09-12.01.50:700][  0]LogConfig: Setting CVar [[r.DOF.Scatter.MaxSpriteRatio:0.1         ; only a maximum of 10% of scattered bokeh]]
[2020.04.09-12.01.50:700][  0]LogConfig: Setting CVar [[r.DOF.Recombine.Quality:1                ; cheap slight out of focus]]
[2020.04.09-12.01.50:700][  0]LogConfig: Setting CVar [[r.DOF.Recombine.EnableBokehSettings:0    ; no bokeh simulation on slight out of focus]]
[2020.04.09-12.01.50:700][  0]LogConfig: Setting CVar [[r.DOF.TemporalAAQuality:1                ; more stable temporal accumulation]]
[2020.04.09-12.01.50:700][  0]LogConfig: Setting CVar [[r.DOF.Kernel.MaxForegroundRadius:0.025]]
[2020.04.09-12.01.50:700][  0]LogConfig: Setting CVar [[r.DOF.Kernel.MaxBackgroundRadius:0.025]]
[2020.04.09-12.01.50:700][  0]LogConfig: Applying CVar settings from Section [TextureQuality@3] File [D:/Documents/Unreal Projects/KV6002Project/Saved/Config/Windows/Scalability.ini]
[2020.04.09-12.01.50:700][  0]LogConfig: Setting CVar [[r.Streaming.MipBias:0]]
[2020.04.09-12.01.50:700][  0]LogConfig: Setting CVar [[r.Streaming.AmortizeCPUToGPUCopy:0]]
[2020.04.09-12.01.50:700][  0]LogConfig: Setting CVar [[r.Streaming.MaxNumTexturesToStreamPerFrame:0]]
[2020.04.09-12.01.50:700][  0]LogConfig: Setting CVar [[r.Streaming.Boost:1]]
[2020.04.09-12.01.50:700][  0]LogConfig: Setting CVar [[r.MaxAnisotropy:8]]
[2020.04.09-12.01.50:700][  0]LogConfig: Setting CVar [[r.VT.MaxAnisotropy:8]]
[2020.04.09-12.01.50:700][  0]LogConfig: Setting CVar [[r.Streaming.LimitPoolSizeToVRAM:0]]
[2020.04.09-12.01.50:700][  0]LogConfig: Setting CVar [[r.Streaming.PoolSize:1000]]
[2020.04.09-12.01.50:700][  0]LogConfig: Setting CVar [[r.Streaming.MaxEffectiveScreenSize:0]]
[2020.04.09-12.01.50:700][  0]LogConfig: Applying CVar settings from Section [EffectsQuality@3] File [D:/Documents/Unreal Projects/KV6002Project/Saved/Config/Windows/Scalability.ini]
[2020.04.09-12.01.50:700][  0]LogConfig: Setting CVar [[r.TranslucencyLightingVolumeDim:64]]
[2020.04.09-12.01.50:700][  0]LogConfig: Setting CVar [[r.RefractionQuality:2]]
[2020.04.09-12.01.50:700][  0]LogConfig: Setting CVar [[r.SSR.Quality:3]]
[2020.04.09-12.01.50:700][  0]LogConfig: Setting CVar [[r.SSR.HalfResSceneColor:0]]
[2020.04.09-12.01.50:700][  0]LogConfig: Setting CVar [[r.SceneColorFormat:4]]
[2020.04.09-12.01.50:700][  0]LogConfig: Setting CVar [[r.DetailMode:2]]
[2020.04.09-12.01.50:700][  0]LogConfig: Setting CVar [[r.TranslucencyVolumeBlur:1]]
[2020.04.09-12.01.50:700][  0]LogConfig: Setting CVar [[r.MaterialQualityLevel:1 ; High quality]]
[2020.04.09-12.01.50:700][  0]LogConfig: Setting CVar [[r.SSS.Scale:1]]
[2020.04.09-12.01.50:700][  0]LogConfig: Setting CVar [[r.SSS.SampleSet:2]]
[2020.04.09-12.01.50:700][  0]LogConfig: Setting CVar [[r.SSS.Quality:1]]
[2020.04.09-12.01.50:700][  0]LogConfig: Setting CVar [[r.SSS.HalfRes:1]]
[2020.04.09-12.01.50:700][  0]LogConfig: Setting CVar [[r.SSGI.Quality:3]]
[2020.04.09-12.01.50:700][  0]LogConfig: Setting CVar [[r.EmitterSpawnRateScale:1.0]]
[2020.04.09-12.01.50:700][  0]LogConfig: Setting CVar [[r.ParticleLightQuality:2]]
[2020.04.09-12.01.50:700][  0]LogConfig: Setting CVar [[r.SkyAtmosphere.AerialPerspectiveLUT.FastApplyOnOpaque:1 ; Always have FastSkyLUT 1 in this case to avoid wrong sky]]
[2020.04.09-12.01.50:700][  0]LogConfig: Setting CVar [[r.SkyAtmosphere.AerialPerspectiveLUT.SampleCountPerSlice:1]]
[2020.04.09-12.01.50:700][  0]LogConfig: Setting CVar [[r.SkyAtmosphere.AerialPerspectiveLUT.DepthResolution:16.0]]
[2020.04.09-12.01.50:700][  0]LogConfig: Setting CVar [[r.SkyAtmosphere.FastSkyLUT:1]]
[2020.04.09-12.01.50:700][  0]LogConfig: Setting CVar [[r.SkyAtmosphere.FastSkyLUT.SampleCountMin:4.0]]
[2020.04.09-12.01.50:700][  0]LogConfig: Setting CVar [[r.SkyAtmosphere.FastSkyLUT.SampleCountMax:32.0]]
[2020.04.09-12.01.50:700][  0]LogConfig: Setting CVar [[r.SkyAtmosphere.SampleCountMin:4.0]]
[2020.04.09-12.01.50:700][  0]LogConfig: Setting CVar [[r.SkyAtmosphere.SampleCountMax:32.0]]
[2020.04.09-12.01.50:700][  0]LogConfig: Setting CVar [[r.SkyAtmosphere.TransmittanceLUT.UseSmallFormat:0]]
[2020.04.09-12.01.50:700][  0]LogConfig: Setting CVar [[r.SkyAtmosphere.TransmittanceLUT.SampleCount:10.0]]
[2020.04.09-12.01.50:700][  0]LogConfig: Setting CVar [[r.SkyAtmosphere.MultiScatteringLUT.SampleCount:15.0]]
[2020.04.09-12.01.50:700][  0]LogConfig: Applying CVar settings from Section [FoliageQuality@3] File [D:/Documents/Unreal Projects/KV6002Project/Saved/Config/Windows/Scalability.ini]
[2020.04.09-12.01.50:700][  0]LogConfig: Setting CVar [[foliage.DensityScale:1.0]]
[2020.04.09-12.01.50:700][  0]LogConfig: Setting CVar [[grass.DensityScale:1.0]]
[2020.04.09-12.01.50:700][  0]LogConfig: Applying CVar settings from Section [ShadingQuality@3] File [D:/Documents/Unreal Projects/KV6002Project/Saved/Config/Windows/Scalability.ini]
[2020.04.09-12.01.50:700][  0]LogConfig: Setting CVar [[r.HairStrands.SkyLighting.SampleCount:16]]
[2020.04.09-12.01.50:700][  0]LogConfig: Setting CVar [[r.HairStrands.SkyLighting.JitterIntegration:0]]
[2020.04.09-12.01.50:700][  0]LogConfig: Setting CVar [[r.HairStrands.SkyAO.SampleCount:16]]
[2020.04.09-12.01.50:700][  0]LogConfig: Applying CVar settings from Section [Startup] File [../../../Engine/Config/ConsoleVariables.ini]
[2020.04.09-12.01.50:701][  0]LogConfig: Setting CVar [[net.UseAdaptiveNetUpdateFrequency:0]]
[2020.04.09-12.01.50:701][  0]LogConfig: Setting CVar [[p.chaos.AllowCreatePhysxBodies:1]]
[2020.04.09-12.01.50:701][  0]LogConfig: Applying CVar settings from Section [ConsoleVariables] File [D:/Documents/Unreal Projects/KV6002Project/Saved/Config/Windows/Engine.ini]
[2020.04.09-12.01.50:701][  0]LogInit: Computer: EDWARDS-PC
[2020.04.09-12.01.50:701][  0]LogInit: User: Edward
[2020.04.09-12.01.50:701][  0]LogInit: CPU Page size=4096, Cores=4
[2020.04.09-12.01.50:701][  0]LogInit: High frequency timer resolution =10.000000 MHz
[2020.04.09-12.01.50:701][  0]LogMemory: Memory total: Physical=16.0GB (16GB approx)
[2020.04.09-12.01.50:701][  0]LogMemory: Platform Memory Stats for Windows
[2020.04.09-12.01.50:701][  0]LogMemory: Process Physical Memory: 105.18 MB used, 105.19 MB peak
[2020.04.09-12.01.50:701][  0]LogMemory: Process Virtual Memory: 100.82 MB used, 100.82 MB peak
[2020.04.09-12.01.50:701][  0]LogMemory: Physical Memory: 10350.84 MB used,  5996.04 MB free, 16346.89 MB total
[2020.04.09-12.01.50:701][  0]LogMemory: Virtual Memory: 5103.26 MB used,  134212624.00 MB free, 134217728.00 MB total
[2020.04.09-12.01.50:705][  0]LogWindows: WindowsPlatformFeatures enabled
[2020.04.09-12.01.50:718][  0]LogInit: Using OS detected language (en-GB).
[2020.04.09-12.01.50:718][  0]LogInit: Using OS detected locale (en-GB).
[2020.04.09-12.01.50:719][  0]LogTextLocalizationManager: No specific localization for 'en-GB' exists, so the 'en' localization will be used.
[2020.04.09-12.01.50:840][  0]LogInit: Setting process to per monitor DPI aware
[2020.04.09-12.01.50:886][  0]LogSlate: New Slate User Created.  User Index 0, Is Virtual User: 0
[2020.04.09-12.01.50:886][  0]LogSlate: Slate User Registered.  User Index 0, Is Virtual User: 0
[2020.04.09-12.01.51:031][  0]LogHMD: Failed to initialize OpenVR with code 100
[2020.04.09-12.01.51:031][  0]LogD3D11RHI: D3D11 min allowed feature level: 11_0
[2020.04.09-12.01.51:031][  0]LogD3D11RHI: D3D11 max allowed feature level: 11_0
[2020.04.09-12.01.51:031][  0]LogD3D11RHI: D3D11 adapters:
[2020.04.09-12.01.51:096][  0]LogD3D11RHI:    0. 'NVIDIA GeForce RTX 2060' (Feature Level 11_0)
[2020.04.09-12.01.51:096][  0]LogD3D11RHI:       5980/0/8173 MB DedicatedVideo/DedicatedSystem/SharedSystem, Outputs:3, VendorId:0x10de
[2020.04.09-12.01.51:098][  0]LogD3D11RHI:    1. 'Microsoft Basic Render Driver' (Feature Level 11_0)
[2020.04.09-12.01.51:098][  0]LogD3D11RHI:       0/0/8173 MB DedicatedVideo/DedicatedSystem/SharedSystem, Outputs:0, VendorId:0x1414
[2020.04.09-12.01.51:098][  0]LogD3D11RHI: Chosen D3D11 Adapter: 0
[2020.04.09-12.01.51:105][  0]LogD3D11RHI: Creating new Direct3DDevice
[2020.04.09-12.01.51:105][  0]LogD3D11RHI:     GPU DeviceId: 0x1f08 (for the marketing name, search the web for "GPU Device Id")
[2020.04.09-12.01.51:105][  0]LogWindows: EnumDisplayDevices:
[2020.04.09-12.01.51:105][  0]LogWindows:    0. 'NVIDIA GeForce RTX 2060' (P:1 D:1)
[2020.04.09-12.01.51:106][  0]LogWindows:    1. 'NVIDIA GeForce RTX 2060' (P:0 D:1)
[2020.04.09-12.01.51:106][  0]LogWindows:    2. 'NVIDIA GeForce RTX 2060' (P:0 D:1)
[2020.04.09-12.01.51:106][  0]LogWindows:    3. 'NVIDIA GeForce RTX 2060' (P:0 D:0)
[2020.04.09-12.01.51:106][  0]LogWindows: DebugString: FoundDriverCount:4 
[2020.04.09-12.01.51:106][  0]LogD3D11RHI:     Adapter Name: NVIDIA GeForce RTX 2060
[2020.04.09-12.01.51:107][  0]LogD3D11RHI:   Driver Version: 442.50 (internal:26.21.14.4250, unified:442.50)
[2020.04.09-12.01.51:107][  0]LogD3D11RHI:      Driver Date: 2-24-2020
[2020.04.09-12.01.51:107][  0]LogRHI: Texture pool is 4186 MB (70% of 5980 MB)
[2020.04.09-12.01.51:143][  0]LogD3D11RHI: RHI has support for 64 bit atomics
[2020.04.09-12.01.51:143][  0]LogD3D11RHI: Async texture creation enabled
[2020.04.09-12.01.51:166][  0]LogD3D11RHI: GPU Timing Frequency: 1000.000000 (Debug: 2 1)
[2020.04.09-12.01.51:427][  0]LogTargetPlatformManager: Display: Loaded TargetPlatform 'AllDesktop'
[2020.04.09-12.01.51:450][  0]LogTargetPlatformManager: Display: Loaded TargetPlatform 'Android'
[2020.04.09-12.01.51:450][  0]LogTargetPlatformManager: Display: Loaded TargetPlatform 'Android_ASTC'
[2020.04.09-12.01.51:450][  0]LogTargetPlatformManager: Display: Loaded TargetPlatform 'Android_ATC'
[2020.04.09-12.01.51:450][  0]LogTargetPlatformManager: Display: Loaded TargetPlatform 'Android_DXT'
[2020.04.09-12.01.51:450][  0]LogTargetPlatformManager: Display: Loaded TargetPlatform 'Android_ETC1'
[2020.04.09-12.01.51:450][  0]LogTargetPlatformManager: Display: Loaded TargetPlatform 'Android_ETC1a'
[2020.04.09-12.01.51:450][  0]LogTargetPlatformManager: Display: Loaded TargetPlatform 'Android_ETC2'
[2020.04.09-12.01.51:450][  0]LogTargetPlatformManager: Display: Loaded TargetPlatform 'Android_PVRTC'
[2020.04.09-12.01.51:450][  0]LogTargetPlatformManager: Display: Loaded TargetPlatform 'AndroidClient'
[2020.04.09-12.01.51:450][  0]LogTargetPlatformManager: Display: Loaded TargetPlatform 'Android_ASTCClient'
[2020.04.09-12.01.51:450][  0]LogTargetPlatformManager: Display: Loaded TargetPlatform 'Android_ATCClient'
[2020.04.09-12.01.51:450][  0]LogTargetPlatformManager: Display: Loaded TargetPlatform 'Android_DXTClient'
[2020.04.09-12.01.51:450][  0]LogTargetPlatformManager: Display: Loaded TargetPlatform 'Android_ETC1Client'
[2020.04.09-12.01.51:450][  0]LogTargetPlatformManager: Display: Loaded TargetPlatform 'Android_ETC1aClient'
[2020.04.09-12.01.51:450][  0]LogTargetPlatformManager: Display: Loaded TargetPlatform 'Android_ETC2Client'
[2020.04.09-12.01.51:450][  0]LogTargetPlatformManager: Display: Loaded TargetPlatform 'Android_PVRTCClient'
[2020.04.09-12.01.51:450][  0]LogTargetPlatformManager: Display: Loaded TargetPlatform 'Android_Multi'
[2020.04.09-12.01.51:450][  0]LogTargetPlatformManager: Display: Loaded TargetPlatform 'Android_MultiClient'
[2020.04.09-12.01.51:464][  0]LogTargetPlatformManager: Display: Loaded TargetPlatform 'IOSClient'
[2020.04.09-12.01.51:464][  0]LogTargetPlatformManager: Display: Loaded TargetPlatform 'IOS'
[2020.04.09-12.01.51:469][  0]LogTargetPlatformManager: Display: Loaded TargetPlatform 'LinuxNoEditor'
[2020.04.09-12.01.51:475][  0]LogTargetPlatformManager: Display: Loaded TargetPlatform 'LinuxClient'
[2020.04.09-12.01.51:480][  0]LogTargetPlatformManager: Display: Loaded TargetPlatform 'LinuxServer'
[2020.04.09-12.01.51:487][  0]LogTargetPlatformManager: Display: Loaded TargetPlatform 'LinuxAArch64NoEditor'
[2020.04.09-12.01.51:493][  0]LogTargetPlatformManager: Display: Loaded TargetPlatform 'LinuxAArch64Client'
[2020.04.09-12.01.51:499][  0]LogTargetPlatformManager: Display: Loaded TargetPlatform 'LinuxAArch64Server'
[2020.04.09-12.01.51:517][  0]LogTargetPlatformManager: Display: Loaded TargetPlatform 'Lumin'
[2020.04.09-12.01.51:517][  0]LogTargetPlatformManager: Display: Loaded TargetPlatform 'LuminClient'
[2020.04.09-12.01.51:527][  0]LogTargetPlatformManager: Display: Loaded TargetPlatform 'TVOSClient'
[2020.04.09-12.01.51:527][  0]LogTargetPlatformManager: Display: Loaded TargetPlatform 'TVOS'
[2020.04.09-12.01.51:533][  0]LogTargetPlatformManager: Display: Loaded TargetPlatform 'WindowsNoEditor'
[2020.04.09-12.01.51:538][  0]LogTargetPlatformManager: Display: Loaded TargetPlatform 'Windows'
[2020.04.09-12.01.51:543][  0]LogTargetPlatformManager: Display: Loaded TargetPlatform 'WindowsClient'
[2020.04.09-12.01.51:548][  0]LogTargetPlatformManager: Display: Loaded TargetPlatform 'WindowsServer'
[2020.04.09-12.01.51:548][  0]LogTargetPlatformManager: Display: Building Assets For Windows
[2020.04.09-12.01.51:550][  0]LogAudioDebug: Display: Lib vorbis DLL was dynamically loaded.
[2020.04.09-12.01.51:565][  0]LogShaderCompilers: Guid format shader working directory is 4 characters bigger than the processId version (D:/Documents/Unreal Projects/KV6002Project/Intermediate/Shaders/WorkingDirectory/16224/).
[2020.04.09-12.01.51:565][  0]LogShaderCompilers: Cleaned the shader compiler working directory 'C:/Users/Edward/AppData/Local/Temp/UnrealShaderWorkingDir/E6C14A564E1B435C18CDBC801D3BF2B5/'.
[2020.04.09-12.01.51:566][  0]LogXGEController: Cannot use XGE Controller as Incredibuild is not installed on this machine.
[2020.04.09-12.01.51:566][  0]LogShaderCompilers: Cannot use XGE Shader Compiler as Incredibuild is not installed on this machine.
[2020.04.09-12.01.51:566][  0]LogShaderCompilers: Display: Using Local Shader Compiler.
[2020.04.09-12.01.52:120][  0]LogDerivedDataCache: Display: Max Cache Size: 512 MB
[2020.04.09-12.01.52:165][  0]LogDerivedDataCache: Loaded boot cache 0.04s 78MB C:/Users/Edward/AppData/Local/UnrealEngine/4.24/DerivedDataCache/Boot.ddc.
[2020.04.09-12.01.52:165][  0]LogDerivedDataCache: Display: Loaded Boot cache: C:/Users/Edward/AppData/Local/UnrealEngine/4.24/DerivedDataCache/Boot.ddc
[2020.04.09-12.01.52:165][  0]LogDerivedDataCache: FDerivedDataBackendGraph:  Pak pak cache file D:/Documents/Unreal Projects/KV6002Project/DerivedDataCache/DDC.ddp not found, will not use a pak cache.
[2020.04.09-12.01.52:165][  0]LogDerivedDataCache: Unable to find inner node Pak for hierarchical cache Hierarchy.
[2020.04.09-12.01.52:165][  0]LogDerivedDataCache: FDerivedDataBackendGraph:  CompressedPak pak cache file D:/Documents/Unreal Projects/KV6002Project/DerivedDataCache/Compressed.ddp not found, will not use a pak cache.
[2020.04.09-12.01.52:165][  0]LogDerivedDataCache: Unable to find inner node CompressedPak for hierarchical cache Hierarchy.
[2020.04.09-12.01.52:174][  0]LogDerivedDataCache: Display: Pak cache opened for reading ../../../Engine/DerivedDataCache/Compressed.ddp.
[2020.04.09-12.01.52:174][  0]LogDerivedDataCache: FDerivedDataBackendGraph:  EnterprisePak pak cache file ../../../Enterprise/DerivedDataCache/Compressed.ddp not found, will not use a pak cache.
[2020.04.09-12.01.52:174][  0]LogDerivedDataCache: Unable to find inner node EnterprisePak for hierarchical cache Hierarchy.
[2020.04.09-12.01.52:176][  0]LogDerivedDataCache: Using Local data cache path C:/Users/Edward/AppData/Local/UnrealEngine/Common/DerivedDataCache: Writable
[2020.04.09-12.01.52:176][  0]LogDerivedDataCache: Shared data cache path not found in *engine.ini, will not use an Shared cache.
[2020.04.09-12.01.52:176][  0]LogDerivedDataCache: Unable to find inner node Shared for hierarchical cache Hierarchy.
[2020.04.09-12.01.52:195][  0]LogMaterial: Verifying Global Shaders for PCD3D_SM5
[2020.04.09-12.01.52:197][  0]LogSlate: Using FreeType 2.10.0
[2020.04.09-12.01.52:197][  0]LogSlate: SlateFontServices - WITH_FREETYPE: 1, WITH_HARFBUZZ: 1
[2020.04.09-12.01.52:243][  0]LogAssetRegistry: FAssetRegistry took 0.0018 seconds to start up
[2020.04.09-12.01.52:455][  0]LogInit: Selected Device Profile: [Windows]
[2020.04.09-12.01.52:578][  0]LogMeshReduction: Using QuadricMeshReduction for automatic static mesh reduction
[2020.04.09-12.01.52:578][  0]LogMeshReduction: Using SimplygonMeshReduction for automatic skeletal mesh reduction
[2020.04.09-12.01.52:578][  0]LogMeshReduction: Using ProxyLODMeshReduction for automatic mesh merging
[2020.04.09-12.01.52:578][  0]LogMeshReduction: No distributed automatic mesh merging module available
[2020.04.09-12.01.52:578][  0]LogMeshMerging: No distributed automatic mesh merging module available
[2020.04.09-12.01.52:593][  0]LogNetVersion: KV6002Project 1.0.0, NetCL: 10570792, EngineNetVer: 13, GameNetVer: 0 (Checksum: 1127562572)
[2020.04.09-12.01.53:423][  0]LogPackageLocalizationCache: Processed 10 localized package path(s) for 1 prioritized culture(s) in 0.027119 seconds
[2020.04.09-12.01.53:429][  0]LogUObjectArray: 46750 objects as part of root set at end of initial load.
[2020.04.09-12.01.53:429][  0]LogUObjectAllocator: 8137160 out of 0 bytes used by permanent object pool.
[2020.04.09-12.01.53:429][  0]LogUObjectArray: CloseDisregardForGC: 0/0 objects in disregard for GC pool
[2020.04.09-12.01.53:725][  0]LogTcpMessaging: Initializing TcpMessaging bridge
[2020.04.09-12.01.53:727][  0]LogUdpMessaging: Initializing bridge on interface 0.0.0.0:0 to multicast group 230.0.0.1:6666.
[2020.04.09-12.01.53:763][  0]SourceControl: Source control is disabled
[2020.04.09-12.01.54:329][  0]LogAndroidPermission: UAndroidPermissionCallbackProxy::GetInstance
[2020.04.09-12.01.54:336][  0]LogAudioCaptureCore: Display: No Audio Capture implementations found. Audio input will be silent.
[2020.04.09-12.01.54:336][  0]LogAudioCaptureCore: Display: No Audio Capture implementations found. Audio input will be silent.
[2020.04.09-12.01.54:399][  0]LogOcInput: OculusInput pre-init called
[2020.04.09-12.01.54:404][  0]LogWindows: Failed to load 'OVRPlugin.dll' (GetLastError=126)
[2020.04.09-12.01.54:404][  0]LogWindows: File 'OVRPlugin.dll' does not exist
[2020.04.09-12.01.54:455][  0]LogEngine: Initializing Engine...
[2020.04.09-12.01.54:456][  0]LogHMD: Failed to initialize OpenVR with code 100
[2020.04.09-12.01.54:457][  0]LogStats: UGameplayTagsManager::InitializeManager -  0.000 s
[2020.04.09-12.01.54:716][  0]LogInit: Initializing FReadOnlyCVARCache
[2020.04.09-12.01.54:721][  0]LogAIModule: Creating AISystem for world Untitled
[2020.04.09-12.01.54:737][  0]LogAudioMixer: Display: Audio Mixer Platform Settings:
[2020.04.09-12.01.54:737][  0]LogAudioMixer: Display: 	Sample Rate:						  48000
[2020.04.09-12.01.54:737][  0]LogAudioMixer: Display: 	Callback Buffer Frame Size Requested: 1024
[2020.04.09-12.01.54:737][  0]LogAudioMixer: Display: 	Callback Buffer Frame Size To Use:	  1024
[2020.04.09-12.01.54:737][  0]LogAudioMixer: Display: 	Number of buffers to queue:			  2
[2020.04.09-12.01.54:737][  0]LogAudioMixer: Display: 	Max Channels (voices):				  32
[2020.04.09-12.01.54:737][  0]LogAudioMixer: Display: 	Number of Async Source Workers:		  0
[2020.04.09-12.01.54:737][  0]LogAudio: Display: AudioDevice MaxSources: 32
[2020.04.09-12.01.54:737][  0]LogAudio: Display: Using built-in audio occlusion.
[2020.04.09-12.01.54:737][  0]LogAudioMixer: Display: Initializing audio mixer.
[2020.04.09-12.01.54:772][  0]LogAudioMixer: Display: Audio Device Output Speaker Info:
[2020.04.09-12.01.54:772][  0]LogAudioMixer: Display: Name: Speakers (ASUS Xonar DGX Audio Device)
[2020.04.09-12.01.54:772][  0]LogAudioMixer: Display: Is Default: Yes
[2020.04.09-12.01.54:772][  0]LogAudioMixer: Display: Sample Rate: 96000
[2020.04.09-12.01.54:772][  0]LogAudioMixer: Display: Channel Count Used: 2
[2020.04.09-12.01.54:772][  0]LogAudioMixer: Display: Device Channel Count: 2
[2020.04.09-12.01.54:772][  0]LogAudioMixer: Display: Channel Order:
[2020.04.09-12.01.54:772][  0]LogAudioMixer: Display: 0: FrontLeft
[2020.04.09-12.01.54:772][  0]LogAudioMixer: Display: 1: FrontRight
[2020.04.09-12.01.54:824][  0]LogAudioMixer: Display: Using Audio Device Speakers (ASUS Xonar DGX Audio Device)
[2020.04.09-12.01.54:828][  0]LogInit: FAudioDevice initialized.
[2020.04.09-12.01.54:828][  0]LogNetVersion: Set ProjectVersion to 1.0.0.0. Version Checksum will be recalculated on next use.
[2020.04.09-12.01.54:892][  0]LogDerivedDataCache: Saved boot cache 0.06s 78MB C:/Users/Edward/AppData/Local/UnrealEngine/4.24/DerivedDataCache/Boot.ddc.
[2020.04.09-12.01.54:893][  0]LogInit: Texture streaming: Enabled
[2020.04.09-12.01.54:902][  0]LogEngineSessionManager: EngineSessionManager initialized
[2020.04.09-12.01.54:902][  0]LogEditorSessionSummary: Verbose: Initializing EditorSessionSummaryWriter for editor session tracking
[2020.04.09-12.01.54:910][  0]LogEditorSessionSummary: EditorSessionSummaryWriter initialized
[2020.04.09-12.01.54:936][  0]LogInit: Transaction tracking system initialized
[2020.04.09-12.01.54:943][  0]BlueprintLog: New page: Editor Load
[2020.04.09-12.01.54:964][  0]LocalizationService: Localization service is disabled
[2020.04.09-12.01.55:187][  0]LogFileCache: Scanning file cache for directory 'D:/Documents/Unreal Projects/KV6002Project/Content/' took 0.00s
[2020.04.09-12.01.55:187][  0]LogCook: Display: Max memory allowance for cook 16384mb min free memory 0mb
[2020.04.09-12.01.55:187][  0]LogCook: Display: Mobile HDR setting 1
[2020.04.09-12.01.55:771][  0]Cmd: MAP LOAD FILE="D:/Documents/Unreal Projects/KV6002Project/Content/ThirdPersonBP/Maps/ThirdPersonExampleMap.umap" TEMPLATE=0 SHOWPROGRESS=1 FEATURELEVEL=3
[2020.04.09-12.01.55:771][  0]LightingResults: New page: Lighting Build
[2020.04.09-12.01.55:772][  0]LogWorld: UWorld::CleanupWorld for Untitled, bSessionEnded=true, bCleanupResources=true
[2020.04.09-12.01.55:772][  0]LogSlate: InvalidateAllWidgets triggered.  All widgets were invalidated
[2020.04.09-12.01.55:772][  0]MapCheck: New page: Map Check
[2020.04.09-12.01.55:772][  0]LightingResults: New page: Lighting Build
[2020.04.09-12.01.55:792][  0]LogUObjectHash: Compacting FUObjectHashTables data took   1.29ms
[2020.04.09-12.01.56:035][  0]LogAIModule: Creating AISystem for world ThirdPersonExampleMap
[2020.04.09-12.01.56:042][  0]LogEditorServer: Finished looking for orphan Actors (0.000 secs)
[2020.04.09-12.01.56:065][  0]LogUObjectHash: Compacting FUObjectHashTables data took   1.72ms
[2020.04.09-12.01.56:066][  0]Cmd: MAP CHECKDEP NOCLEARLOG
[2020.04.09-12.01.56:066][  0]MapCheck: Map check complete: 0 Error(s), 0 Warning(s), took 0.074ms to complete.
[2020.04.09-12.01.56:066][  0]LogFileHelpers: Loading map 'ThirdPersonExampleMap' took 0.296
[2020.04.09-12.01.56:219][  0]LogSlate: Updating window title bar state: overlay mode, drag disabled, window buttons hidden, title bar hidden
[2020.04.09-12.01.56:231][  0]LogSlate: Updating window title bar state: overlay mode, drag disabled, window buttons hidden, title bar hidden
[2020.04.09-12.01.56:239][  0]LogSlate: Updating window title bar state: overlay mode, drag disabled, window buttons hidden, title bar hidden
[2020.04.09-12.01.56:247][  0]LogSlate: Updating window title bar state: overlay mode, drag disabled, window buttons hidden, title bar hidden
[2020.04.09-12.01.56:256][  0]LogCollectionManager: Loaded 0 collections in 0.001373 seconds
[2020.04.09-12.01.56:273][  0]LogFileCache: Scanning file cache for directory 'D:/Documents/Unreal Projects/KV6002Project/Saved/Collections/' took 0.00s
[2020.04.09-12.01.56:273][  0]LogFileCache: Scanning file cache for directory 'D:/Documents/Unreal Projects/KV6002Project/Content/Developers/Edward/Collections/' took 0.00s
[2020.04.09-12.01.56:273][  0]LogFileCache: Scanning file cache for directory 'D:/Documents/Unreal Projects/KV6002Project/Content/Collections/' took 0.00s
[2020.04.09-12.01.56:273][  0]LogContentBrowser: Native class hierarchy populated in 0.0123 seconds. Added 3015 classes and 717 folders.
[2020.04.09-12.01.56:275][  0]LogContentBrowser: Native class hierarchy updated for 'WidgetCarousel' in 0.0002 seconds. Added 0 classes and 0 folders.
[2020.04.09-12.01.56:359][  0]LogContentBrowser: Native class hierarchy updated for 'AddContentDialog' in 0.0003 seconds. Added 0 classes and 0 folders.
[2020.04.09-12.01.56:363][  0]LogContentBrowser: Native class hierarchy updated for 'SceneOutliner' in 0.0005 seconds. Added 2 classes and 3 folders.
[2020.04.09-12.01.56:524][  0]LogSlate: Took 0.000188 seconds to synchronously load lazily loaded font '../../../Engine/Content/Slate/Fonts/Roboto-Regular.ttf' (155K)
[2020.04.09-12.01.56:526][  0]LogSlate: Took 0.000186 seconds to synchronously load lazily loaded font '../../../Engine/Content/Slate/Fonts/Roboto-Bold.ttf' (160K)
[2020.04.09-12.01.56:532][  0]LogSlate: Took 0.000181 seconds to synchronously load lazily loaded font '../../../Engine/Content/Editor/Slate/Fonts/FontAwesome.ttf' (139K)
[2020.04.09-12.01.56:643][  0]LogRenderer: Reallocating scene render targets to support 996x564 Format 10 NumSamples 1 (Frame:1).
[2020.04.09-12.01.56:773][  0]LogContentBrowser: Native class hierarchy updated for 'HierarchicalLODOutliner' in 0.0003 seconds. Added 0 classes and 0 folders.
[2020.04.09-12.01.56:773][  0]LogLoad: (Engine Initialization) Total time: 7.50 seconds
[2020.04.09-12.01.56:773][  0]LogLoad: (Engine Initialization) Total Blueprint compile time: 0.00 seconds
[2020.04.09-12.01.56:821][  0]LogContentStreaming: Texture pool size now 1000 MB
[2020.04.09-12.01.56:834][  0]LogSlate: Took 0.000150 seconds to synchronously load lazily loaded font '../../../Engine/Content/Slate/Fonts/Roboto-Light.ttf' (167K)
[2020.04.09-12.01.57:618][ 92]LogAssetRegistry: Asset discovery search completed in 5.3758 seconds
[2020.04.09-12.01.57:622][ 92]LogCollectionManager: Fixed up redirectors for 0 collections in 0.000010 seconds (updated 0 objects)
[2020.04.09-12.02.14:049][ 25]MapCheck: New page: Map Check
[2020.04.09-12.02.14:062][ 25]Cmd: MAP REBUILD ALLVISIBLE
[2020.04.09-12.02.14:062][ 25]LogEditorServer: Rebuildmap Clear paths rebuilt
[2020.04.09-12.02.14:152][ 25]LogWorld: UWorld::CleanupWorld for ThirdPersonExampleMap, bSessionEnded=true, bCleanupResources=false
[2020.04.09-12.02.14:187][ 25]LogUObjectHash: Compacting FUObjectHashTables data took   1.25ms
[2020.04.09-12.02.14:197][ 25]LogMaterial: Display: Missing cached shader map for material DebugViewMode MaterialTexCoordScale, compiling. 
[2020.04.09-12.02.14:209][ 25]LogShaderCompilers: Display: Worker (1/5): shaders left to compile 2
[2020.04.09-12.02.14:210][ 25]LogShaderCompilers: Display: Worker (2/5): shaders left to compile 1
[2020.04.09-12.02.14:210][ 25]LogMaterial: Display: Missing cached shader map for material DebugViewMode MaterialTexCoordScale, compiling. 
[2020.04.09-12.02.14:220][ 25]LogMaterial: Display: Missing cached shader map for material DebugViewMode MaterialTexCoordScale, compiling. 
[2020.04.09-12.02.14:233][ 25]LogShaderCompilers: Display: Worker (3/5): shaders left to compile 4
[2020.04.09-12.02.14:233][ 25]LogShaderCompilers: Display: Worker (4/5): shaders left to compile 3
[2020.04.09-12.02.14:233][ 25]LogMaterial: Display: Missing cached shader map for material DebugViewMode MaterialTexCoordScale, compiling. 
[2020.04.09-12.02.14:245][ 25]LogMaterial: Display: Missing cached shader map for material DebugViewMode MaterialTexCoordScale, compiling. 
[2020.04.09-12.02.14:256][ 25]LogMaterial: Display: Missing cached shader map for material DebugViewMode MaterialTexCoordScale, compiling. 
[2020.04.09-12.02.14:267][ 25]LogMaterial: Display: Missing cached shader map for material DebugViewMode MaterialTexCoordScale, compiling. 
[2020.04.09-12.02.14:278][ 25]LogMaterial: Display: Missing cached shader map for material DebugViewMode MaterialTexCoordScale, compiling. 
[2020.04.09-12.02.14:291][ 25]LogMaterial: Display: Missing cached shader map for material DebugViewMode MaterialTexCoordScale, compiling. 
[2020.04.09-12.02.15:290][ 25]LogShaderCompilers: Display: Worker (3/5): shaders left to compile 14
[2020.04.09-12.02.15:290][ 25]LogShaderCompilers: Display: Worker (4/5): shaders left to compile 13
[2020.04.09-12.02.15:290][ 25]LogShaderCompilers: Display: Worker (2/5): shaders left to compile 12
[2020.04.09-12.02.15:290][ 25]LogShaderCompilers: Display: Worker (1/5): shaders left to compile 11
[2020.04.09-12.02.15:290][ 25]LogShaderCompilers: Display: Worker (3/5): shaders left to compile 10
[2020.04.09-12.02.15:290][ 25]LogShaderCompilers: Display: Worker (2/5): shaders left to compile 9
[2020.04.09-12.02.15:290][ 25]LogShaderCompilers: Display: Worker (4/5): shaders left to compile 8
[2020.04.09-12.02.15:290][ 25]LogShaderCompilers: Display: Worker (3/5): shaders left to compile 7
[2020.04.09-12.02.15:290][ 25]LogShaderCompilers: Display: Worker (1/5): shaders left to compile 6
[2020.04.09-12.02.15:290][ 25]LogShaderCompilers: Display: Worker (4/5): shaders left to compile 5
[2020.04.09-12.02.15:291][ 25]LogShaderCompilers: Display: Worker (2/5): shaders left to compile 4
[2020.04.09-12.02.15:291][ 25]LogShaderCompilers: Display: Worker (3/5): shaders left to compile 3
[2020.04.09-12.02.15:291][ 25]LogShaderCompilers: Display: Worker (1/5): shaders left to compile 2
[2020.04.09-12.02.15:291][ 25]LogShaderCompilers: Display: Worker (2/5): shaders left to compile 1
[2020.04.09-12.02.15:291][ 25]TextureStreamingBuild: Display: Compiling optional shaders took 1.103 seconds.
[2020.04.09-12.02.15:296][ 25]LogLevel: Display: Export Material TexCoord Scales took 0.005 seconds.
[2020.04.09-12.02.15:298][ 25]TextureStreamingBuild: Display: Build Texture Streaming took 0.002 seconds.
[2020.04.09-12.02.15:315][ 25]LogUObjectHash: Compacting FUObjectHashTables data took   0.53ms
[2020.04.09-12.02.15:318][ 25]LightingResults: New page: Lighting Build - 9 Apr 2020, 14:02:15
[2020.04.09-12.02.15:346][ 25]LogSwarmInterface: [OpenConnection] Registering TCP channel ...
[2020.04.09-12.02.15:424][ 25]LogSwarmInterface: [OpenConnection] Connecting to agent ...
[2020.04.09-12.02.15:436][ 25]LogSwarmInterface: [TryOpenConnection] Testing the Agent
[2020.04.09-12.02.15:944][ 25]LogSwarmInterface: [TryOpenConnection] Opening Connection to Agent
[2020.04.09-12.02.15:944][ 25]LogSwarmInterface: [TryOpenConnection] Local Process ID is 16224
[2020.04.09-12.02.18:374][ 25]LogStaticLightingSystem: Running Lightmass w/ ImmediateImport mode ENABLED
[2020.04.09-12.02.18:374][ 25]LogStaticLightingSystem: Running Lightmass w/ ImmediateProcess mode ENABLED
[2020.04.09-12.02.18:374][ 25]LogStaticLightingSystem: Running Lightmass w/ Sorting mode ENABLED
[2020.04.09-12.02.18:374][ 25]LogStaticLightingSystem: Running Lightmass w/ Mapping paddings ENABLED
[2020.04.09-12.02.18:374][ 25]LogStaticLightingSystem: Running Lightmass w/ Mapping debug paddings DISABLED
[2020.04.09-12.02.18:558][ 25]Cmd: MAP CHECK DONTDISPLAYDIALOG
[2020.04.09-12.02.18:559][ 25]MapCheck: New page: ThirdPersonExampleMap - 9 Apr 2020, 14:02:18
[2020.04.09-12.02.18:559][ 25]MapCheck: Error: WorldInfo_0 Maps need lighting rebuilt 
[2020.04.09-12.02.18:559][ 25]MapCheck: Map check complete: 1 Error(s), 0 Warning(s), took 0.411ms to complete.
[2020.04.09-12.02.18:560][ 25]LogEditorBuildUtils: Build time 0:04
[2020.04.09-12.02.18:861][ 28]LogUObjectHash: Compacting FUObjectHashTables data took   0.50ms
[2020.04.09-12.02.22:327][315]Job is a success!
[2020.04.09-12.02.22:369][316]LogSlate: Took 0.000149 seconds to synchronously load lazily loaded font '../../../Engine/Content/Slate/Fonts/Roboto-Light.ttf' (167K)
[2020.04.09-12.02.22:448][316]LogVolumetricLightmapImport: Imported Volumetric Lightmap in 0.012s
[2020.04.09-12.02.22:448][316]LogVolumetricLightmapImport:      Indirection Texture 16x16x16 = 0.0Mb
[2020.04.09-12.02.22:448][316]LogVolumetricLightmapImport:      BrickData (all levels) 0.2Mb (trimmed 0.0Mb due to 0.010000 MinBrickError)
[2020.04.09-12.02.22:448][316]LogVolumetricLightmapImport:      Bricks at depth
[2020.04.09-12.02.22:448][316]LogVolumetricLightmapImport:          0: 2.3% covering 100.0% of volume
[2020.04.09-12.02.22:448][316]LogVolumetricLightmapImport:          1: 9.1% covering 6.3% of volume
[2020.04.09-12.02.22:448][316]LogVolumetricLightmapImport:          2: 88.6% covering 1.0% of volume
[2020.04.09-12.02.22:448][316]LogVolumetricLightmapImport:      Bricks in each level
[2020.04.09-12.02.22:448][316]LogVolumetricLightmapImport:          ThirdPersonExampleMap 			 44 bricks 	 100.0% (Persistent Level)
[2020.04.09-12.02.22:878][316]LogTexture: Display: Building textures: SkyOcclusion0_1 (AutoDXT, 1024X512)
[2020.04.09-12.02.22:878][316]LogTexture: Display: Building textures: HQ_Lightmap0_1 (AutoDXT, 1024X1024)
[2020.04.09-12.02.22:878][316]LogTexture: Display: Building textures: SkyOcclusion0_2 (AutoDXT, 512X256)
[2020.04.09-12.02.22:878][316]LogTexture: Display: Building textures: LQ_Lightmap_0_1 (DXT1, 1024X1024)
[2020.04.09-12.02.22:878][316]LogTexture: Display: Building textures: HQ_Lightmap0_2 (AutoDXT, 512X512)
[2020.04.09-12.02.22:878][316]LogTexture: Display: Building textures: LQ_Lightmap_0_2 (DXT1, 512X512)
[2020.04.09-12.02.22:878][316]LogTexture: Display: Building textures: HQ_Lightmap0_3 (AutoDXT, 64X64)
[2020.04.09-12.02.22:878][316]LogTexture: Display: Building textures: SkyOcclusion0_3 (AutoDXT, 64X32)
[2020.04.09-12.02.22:878][316]LogTexture: Display: Building textures: LQ_Lightmap_0_3 (DXT1, 64X64)
[2020.04.09-12.02.23:078][316]LogTexture: Display: Building textures: ShadowMapTexture2D_1 (G8, 32X32)
[2020.04.09-12.02.23:215][316]LogTexture: Display: Building textures: ShadowMapTexture2D_0 (G8, 1024X1024)
[2020.04.09-12.02.23:215][316]LogStaticLightingSystem: ThirdPersonExampleMap_BuiltData storing lightmap data for 16 meshes in 3 LightmapResourceClusters (5.3 Meshes per cluster).
[2020.04.09-12.02.23:239][316]Lightmass on EDWARDS-PC: 3.89 sec total, 97 ms importing, 8 ms setup, 728 ms photons, 3.01 sec processing, 0 ms extra exporting [16/16 mappings]. Threads: 21.1 sec total, 6.35 sec processing.
[2020.04.09-12.02.23:241][316]LogUObjectHash: Compacting FUObjectHashTables data took   1.78ms
[2020.04.09-12.02.23:256][316]LogStaticLightingSystem: Illumination: 7.91 sec (416 ms encoding lightmaps, 304 ms encoding shadowmaps)
[2020.04.09-12.02.23:256][316]LogStaticLightingSystem: Lightmap texture memory:  3.3 MB (3.3 MB streaming, 0.0 MB non-streaming), 6 textures
[2020.04.09-12.02.23:256][316]LogStaticLightingSystem: Shadowmap texture memory: 1.3 MB (1.3 MB streaming, 0.0 MB non-streaming), 2 textures
[2020.04.09-12.02.23:376][316]DumpUnbuiltLightIteractions
[2020.04.09-12.02.23:376][316]Lights with unbuilt interactions: 0
[2020.04.09-12.02.23:376][316]
[2020.04.09-12.02.23:376][316]Primitives with unbuilt interactions: 0
[2020.04.09-12.02.23:441][317]Cmd: MAP CHECK NOTIFYRESULTS
[2020.04.09-12.02.23:442][317]MapCheck: New page: ThirdPersonExampleMap - 9 Apr 2020, 14:02:23
[2020.04.09-12.02.23:442][317]MapCheck: Map check complete: 0 Error(s), 0 Warning(s), took 0.347ms to complete.
[2020.04.09-12.02.51:649][458]LogSlate: Window 'Message Log' being destroyed
[2020.04.09-12.02.51:654][458]LogSlate: Window 'Message Log' being destroyed
[2020.04.09-12.03.06:500][ 56]LogEditorViewport: Clicking on Actor (LMB): StaticMeshActor (Cone)
[2020.04.09-12.03.38:397][740]Cmd: DELETE
[2020.04.09-12.03.38:397][740]Cmd: ACTOR DELETE
[2020.04.09-12.03.38:399][740]LogEditorActor: Deleted Actor: StaticMeshActor
[2020.04.09-12.03.38:421][740]LogUObjectHash: Compacting FUObjectHashTables data took   1.87ms
[2020.04.09-12.03.38:421][740]LogEditorActor: Deleted 1 Actors (0.024 secs)
[2020.04.09-12.03.39:636][886]LogEditorViewport: Clicking on Actor (LMB): StaticMeshActor (Cube)
[2020.04.09-12.03.40:646][  4]Cmd: DELETE
[2020.04.09-12.03.40:646][  4]Cmd: ACTOR DELETE
[2020.04.09-12.03.40:647][  4]LogEditorActor: Deleted Actor: StaticMeshActor
[2020.04.09-12.03.40:665][  4]LogUObjectHash: Compacting FUObjectHashTables data took   0.50ms
[2020.04.09-12.03.40:666][  4]LogEditorActor: Deleted 1 Actors (0.020 secs)
[2020.04.09-12.03.41:804][141]LogEditorViewport: Clicking on Actor (LMB): StaticMeshActor (Sphere)
[2020.04.09-12.03.42:665][241]Cmd: DELETE
[2020.04.09-12.03.42:665][241]Cmd: ACTOR DELETE
[2020.04.09-12.03.42:666][241]LogEditorActor: Deleted Actor: StaticMeshActor
[2020.04.09-12.03.42:686][241]LogUObjectHash: Compacting FUObjectHashTables data took   0.51ms
[2020.04.09-12.03.42:686][241]LogEditorActor: Deleted 1 Actors (0.021 secs)
[2020.04.09-12.03.44:862][501]LogEditorViewport: Clicking on Actor (LMB): StaticMeshActor (Cylinder)
[2020.04.09-12.03.45:515][576]Cmd: DELETE
[2020.04.09-12.03.45:515][576]Cmd: ACTOR DELETE
[2020.04.09-12.03.45:516][576]LogEditorActor: Deleted Actor: StaticMeshActor
[2020.04.09-12.03.45:534][576]LogUObjectHash: Compacting FUObjectHashTables data took   0.52ms
[2020.04.09-12.03.45:534][576]LogEditorActor: Deleted 1 Actors (0.019 secs)
[2020.04.09-12.03.50:084][117]MapCheck: New page: Map Check
[2020.04.09-12.03.50:097][117]Cmd: MAP REBUILD ALLVISIBLE
[2020.04.09-12.03.50:097][117]LogEditorServer: Rebuildmap Clear paths rebuilt
[2020.04.09-12.03.50:218][117]LogWorld: UWorld::CleanupWorld for ThirdPersonExampleMap, bSessionEnded=true, bCleanupResources=false
[2020.04.09-12.03.50:253][117]LogUObjectHash: Compacting FUObjectHashTables data took   1.18ms
[2020.04.09-12.03.50:259][117]LogMaterial: Display: Missing cached shader map for material DebugViewMode MaterialTexCoordScale, compiling. 
[2020.04.09-12.03.50:269][117]LogShaderCompilers: Display: Worker (1/5): shaders left to compile 2
[2020.04.09-12.03.50:270][117]LogShaderCompilers: Display: Worker (2/5): shaders left to compile 1
[2020.04.09-12.03.50:270][117]LogMaterial: Display: Missing cached shader map for material DebugViewMode MaterialTexCoordScale, compiling. 
[2020.04.09-12.03.50:284][117]LogShaderCompilers: Display: Worker (3/5): shaders left to compile 2
[2020.04.09-12.03.50:284][117]LogShaderCompilers: Display: Worker (4/5): shaders left to compile 1
[2020.04.09-12.03.50:284][117]LogMaterial: Display: Missing cached shader map for material DebugViewMode MaterialTexCoordScale, compiling. 
[2020.04.09-12.03.50:301][117]LogMaterial: Display: Missing cached shader map for material DebugViewMode MaterialTexCoordScale, compiling. 
[2020.04.09-12.03.50:316][117]LogMaterial: Display: Missing cached shader map for material DebugViewMode MaterialTexCoordScale, compiling. 
[2020.04.09-12.03.50:333][117]LogMaterial: Display: Missing cached shader map for material DebugViewMode MaterialTexCoordScale, compiling. 
[2020.04.09-12.03.50:354][117]LogMaterial: Display: Missing cached shader map for material DebugViewMode MaterialTexCoordScale, compiling. 
[2020.04.09-12.03.50:371][117]LogMaterial: Display: Missing cached shader map for material DebugViewMode MaterialTexCoordScale, compiling. 
[2020.04.09-12.03.51:218][117]LogShaderCompilers: Display: Worker (3/5): shaders left to compile 12
[2020.04.09-12.03.51:218][117]LogShaderCompilers: Display: Worker (2/5): shaders left to compile 11
[2020.04.09-12.03.51:218][117]LogShaderCompilers: Display: Worker (4/5): shaders left to compile 10
[2020.04.09-12.03.51:218][117]LogShaderCompilers: Display: Worker (1/5): shaders left to compile 9
[2020.04.09-12.03.51:218][117]LogShaderCompilers: Display: Worker (3/5): shaders left to compile 8
[2020.04.09-12.03.51:218][117]LogShaderCompilers: Display: Worker (4/5): shaders left to compile 7
[2020.04.09-12.03.51:218][117]LogShaderCompilers: Display: Worker (2/5): shaders left to compile 6
[2020.04.09-12.03.51:218][117]LogShaderCompilers: Display: Worker (1/5): shaders left to compile 5
[2020.04.09-12.03.51:218][117]LogShaderCompilers: Display: Worker (3/5): shaders left to compile 4
[2020.04.09-12.03.51:218][117]LogShaderCompilers: Display: Worker (4/5): shaders left to compile 3
[2020.04.09-12.03.51:218][117]LogShaderCompilers: Display: Worker (2/5): shaders left to compile 2
[2020.04.09-12.03.51:218][117]LogShaderCompilers: Display: Worker (3/5): shaders left to compile 1
[2020.04.09-12.03.51:218][117]TextureStreamingBuild: Display: Compiling optional shaders took 0.964 seconds.
[2020.04.09-12.03.51:227][117]LogLevel: Display: Export Material TexCoord Scales took 0.009 seconds.
[2020.04.09-12.03.51:230][117]TextureStreamingBuild: Display: Build Texture Streaming took 0.004 seconds.
[2020.04.09-12.03.51:250][117]LogUObjectHash: Compacting FUObjectHashTables data took   0.95ms
[2020.04.09-12.03.51:253][117]LightingResults: New page: Lighting Build - 9 Apr 2020, 14:03:51
[2020.04.09-12.03.51:481][117]LogSwarmInterface: [OpenConnection] Registering TCP channel ...
[2020.04.09-12.03.51:484][117]LogSwarmInterface: [OpenConnection] Connecting to agent ...
[2020.04.09-12.03.51:484][117]LogSwarmInterface: [TryOpenConnection] Testing the Agent
[2020.04.09-12.03.51:485][117]LogSwarmInterface: [TryOpenConnection] Opening Connection to Agent
[2020.04.09-12.03.51:485][117]LogSwarmInterface: [TryOpenConnection] Local Process ID is 16224
[2020.04.09-12.03.56:082][117]LogStaticLightingSystem: Running Lightmass w/ ImmediateImport mode ENABLED
[2020.04.09-12.03.56:082][117]LogStaticLightingSystem: Running Lightmass w/ ImmediateProcess mode ENABLED
[2020.04.09-12.03.56:082][117]LogStaticLightingSystem: Running Lightmass w/ Sorting mode ENABLED
[2020.04.09-12.03.56:082][117]LogStaticLightingSystem: Running Lightmass w/ Mapping paddings ENABLED
[2020.04.09-12.03.56:082][117]LogStaticLightingSystem: Running Lightmass w/ Mapping debug paddings DISABLED
[2020.04.09-12.03.56:166][117]Cmd: MAP CHECK DONTDISPLAYDIALOG
[2020.04.09-12.03.56:166][117]MapCheck: New page: ThirdPersonExampleMap - 9 Apr 2020, 14:03:56
[2020.04.09-12.03.56:166][117]MapCheck: Map check complete: 0 Error(s), 0 Warning(s), took 0.347ms to complete.
[2020.04.09-12.03.56:167][117]LogEditorBuildUtils: Build time 0:06
[2020.04.09-12.03.56:352][120]LogUObjectHash: Compacting FUObjectHashTables data took   1.07ms
[2020.04.09-12.03.59:744][392]Job is a success!
[2020.04.09-12.03.59:874][394]LogVolumetricLightmapImport: Imported Volumetric Lightmap in 0.011s
[2020.04.09-12.03.59:874][394]LogVolumetricLightmapImport:      Indirection Texture 16x16x16 = 0.0Mb
[2020.04.09-12.03.59:874][394]LogVolumetricLightmapImport:      BrickData (all levels) 0.2Mb (trimmed 0.0Mb due to 0.010000 MinBrickError)
[2020.04.09-12.03.59:874][394]LogVolumetricLightmapImport:      Bricks at depth
[2020.04.09-12.03.59:874][394]LogVolumetricLightmapImport:          0: 2.3% covering 100.0% of volume
[2020.04.09-12.03.59:874][394]LogVolumetricLightmapImport:          1: 9.1% covering 6.3% of volume
[2020.04.09-12.03.59:874][394]LogVolumetricLightmapImport:          2: 88.6% covering 1.0% of volume
[2020.04.09-12.03.59:874][394]LogVolumetricLightmapImport:      Bricks in each level
[2020.04.09-12.03.59:874][394]LogVolumetricLightmapImport:          ThirdPersonExampleMap 			 44 bricks 	 100.0% (Persistent Level)
[2020.04.09-12.04.00:271][394]LogTexture: Display: Building textures: SkyOcclusion1_1 (AutoDXT, 1024X512)
[2020.04.09-12.04.00:271][394]LogTexture: Display: Building textures: HQ_Lightmap1_1 (AutoDXT, 1024X1024)
[2020.04.09-12.04.00:272][394]LogTexture: Display: Building textures: LQ_Lightmap_1_1 (DXT1, 1024X1024)
[2020.04.09-12.04.00:272][394]LogTexture: Display: Building textures: SkyOcclusion1_2 (AutoDXT, 512X256)
[2020.04.09-12.04.00:272][394]LogTexture: Display: Building textures: HQ_Lightmap1_2 (AutoDXT, 512X512)
[2020.04.09-12.04.00:272][394]LogTexture: Display: Building textures: LQ_Lightmap_1_2 (DXT1, 512X512)
[2020.04.09-12.04.00:272][394]LogTexture: Display: Building textures: SkyOcclusion1_3 (AutoDXT, 64X32)
[2020.04.09-12.04.00:272][394]LogTexture: Display: Building textures: HQ_Lightmap1_3 (AutoDXT, 64X64)
[2020.04.09-12.04.00:272][394]LogTexture: Display: Building textures: LQ_Lightmap_1_3 (DXT1, 64X64)
[2020.04.09-12.04.00:464][394]LogTexture: Display: Building textures: ShadowMapTexture2D_3 (G8, 32X32)
[2020.04.09-12.04.00:464][394]LogTexture: Display: Building textures: ShadowMapTexture2D_2 (G8, 1024X1024)
[2020.04.09-12.04.00:464][394]LogStaticLightingSystem: ThirdPersonExampleMap_BuiltData storing lightmap data for 12 meshes in 3 LightmapResourceClusters (4.0 Meshes per cluster).
[2020.04.09-12.04.00:486][394]Lightmass on EDWARDS-PC: 3.69 sec total, 82 ms importing, 7 ms setup, 673 ms photons, 2.89 sec processing, 0 ms extra exporting [12/12 mappings]. Threads: 20.2 sec total, 5.63 sec processing.
[2020.04.09-12.04.00:487][394]LogUObjectHash: Compacting FUObjectHashTables data took   1.23ms
[2020.04.09-12.04.00:507][394]LogStaticLightingSystem: Illumination: 9.22 sec (381 ms encoding lightmaps, 175 ms encoding shadowmaps)
[2020.04.09-12.04.00:507][394]LogStaticLightingSystem: Lightmap texture memory:  3.3 MB (3.3 MB streaming, 0.0 MB non-streaming), 6 textures
[2020.04.09-12.04.00:507][394]LogStaticLightingSystem: Shadowmap texture memory: 1.3 MB (1.3 MB streaming, 0.0 MB non-streaming), 2 textures
[2020.04.09-12.04.01:090][394]DumpUnbuiltLightIteractions
[2020.04.09-12.04.01:090][394]Lights with unbuilt interactions: 0
[2020.04.09-12.04.01:090][394]
[2020.04.09-12.04.01:090][394]Primitives with unbuilt interactions: 0
[2020.04.09-12.04.01:158][395]Cmd: MAP CHECK NOTIFYRESULTS
[2020.04.09-12.04.01:159][395]MapCheck: New page: ThirdPersonExampleMap - 9 Apr 2020, 14:04:01
[2020.04.09-12.04.01:159][395]MapCheck: Map check complete: 0 Error(s), 0 Warning(s), took 0.391ms to complete.
[2020.04.09-12.04.05:828][929]LogUObjectHash: Compacting FUObjectHashTables data took   1.08ms
[2020.04.09-12.04.05:946][929]LogSavePackage: Moving 'D:/Documents/Unreal Projects/KV6002Project/Saved/ThirdPersonExampleMapD54FCD2C48864D7F104D10A8A0D3E210.tmp' to 'D:/Documents/Unreal Projects/KV6002Project/Content/ThirdPersonBP/Maps/ThirdPersonExampleMap.umap'
[2020.04.09-12.04.05:954][929]LogFileHelpers: Saving map 'ThirdPersonExampleMap' took 0.145
[2020.04.09-12.04.06:069][929]LogSavePackage: Moving 'D:/Documents/Unreal Projects/KV6002Project/Saved/ThirdPersonExampleMap_BuiltData6EA1612449392ADC452283B32E679DD6.tmp' to 'D:/Documents/Unreal Projects/KV6002Project/Content/ThirdPersonBP/Maps/ThirdPersonExampleMap_BuiltData.uasset'
[2020.04.09-12.04.06:084][929]AssetCheck: New page: Asset Save: multiple assets
[2020.04.09-12.04.06:084][929]LogContentValidation: Display: Validating World /Game/ThirdPersonBP/Maps/ThirdPersonExampleMap.ThirdPersonExampleMap
[2020.04.09-12.04.06:084][929]LogContentValidation: Display: Validating MapBuildDataRegistry /Game/ThirdPersonBP/Maps/ThirdPersonExampleMap_BuiltData.ThirdPersonExampleMap_BuiltData
[2020.04.09-12.04.07:812][124]LogUObjectHash: Compacting FUObjectHashTables data took   1.44ms
[2020.04.09-12.04.10:358][395]SourceControl: fatal: H:/Epic Stuff/UE_4.24/Engine/Content: 'H:/Epic Stuff/UE_4.24/Engine/Content' is outside repository at 'D:/Documents/Unreal Projects/KV6002Project'
[2020.04.09-12.04.22:275][395]LogSlate: Window 'Submit Files' being destroyed
[2020.04.09-12.04.23:881][395]LogSourceControl: commit successful: [master a894c58] Testing source control
[2020.04.09-12.04.23:958][395]SourceControl: [master a894c58] Testing source control
[2020.04.09-12.04.23:958][395]SourceControl:  2 files changed, 0 insertions(+), 0 deletions(-)
[2020.04.09-12.04.23:958][395]SourceControl:  rewrite Content/ThirdPersonBP/Maps/ThirdPersonExampleMap_BuiltData.uasset (61%)
[2020.04.09-12.04.23:966][395]SourceControl: Commited [master a894c58] Testing source control.
